E:\PROJECTS\MAZE\DEBUG\MAZE.EXE
E:\PROJECTS\MAZE\DEBUG\MAZE.ILK
E:\PROJECTS\MAZE\DEBUG\MAZE.PDB
E:\Projects\maze\maze\Debug\cl.command.1.tlog
E:\Projects\maze\maze\Debug\CL.read.1.tlog
E:\Projects\maze\maze\Debug\CL.write.1.tlog
E:\Projects\maze\maze\Debug\link.10408.read.1.tlog
E:\Projects\maze\maze\Debug\link.10408.write.1.tlog
E:\Projects\maze\maze\Debug\link.8600.read.1.tlog
E:\Projects\maze\maze\Debug\link.8600.write.1.tlog
E:\Projects\maze\maze\Debug\link.8600-cvtres.read.1.tlog
E:\Projects\maze\maze\Debug\link.8600-cvtres.write.1.tlog
E:\Projects\maze\maze\Debug\link.command.1.tlog
E:\Projects\maze\maze\Debug\link.read.1.tlog
E:\Projects\maze\maze\Debug\link.write.1.tlog
E:\Projects\maze\maze\Debug\link-cvtres.read.1.tlog
E:\Projects\maze\maze\Debug\link-cvtres.write.1.tlog
E:\PROJECTS\MAZE\MAZE\DEBUG\MAIN.OBJ
E:\PROJECTS\MAZE\MAZE\DEBUG\MAZE.EXE.EMBED.MANIFEST
E:\PROJECTS\MAZE\MAZE\DEBUG\MAZE.EXE.EMBED.MANIFEST.RES
E:\PROJECTS\MAZE\MAZE\DEBUG\MAZE.EXE.INTERMEDIATE.MANIFEST
E:\PROJECTS\MAZE\MAZE\DEBUG\MAZE.OBJ
E:\Projects\maze\maze\Debug\maze.vcxprojResolveAssemblyReference.cache
E:\Projects\maze\maze\Debug\maze.write.1.tlog
E:\Projects\maze\maze\Debug\maze_manifest.rc
E:\Projects\maze\maze\Debug\mt.command.1.tlog
E:\Projects\maze\maze\Debug\mt.read.1.tlog
E:\Projects\maze\maze\Debug\mt.write.1.tlog
E:\Projects\maze\maze\Debug\rc.command.1.tlog
E:\Projects\maze\maze\Debug\rc.read.1.tlog
E:\Projects\maze\maze\Debug\rc.write.1.tlog
E:\Projects\maze\maze\Debug\vc100.idb
E:\PROJECTS\MAZE\MAZE\DEBUG\VC100.PDB
