生成启动时间为 2017/3/23 1:42:55。
     1>项目“E:\Projects\maze\maze\maze.vcxproj”在节点 2 上(build 个目标)。
     1>InitializeBuildStatus:
         正在创建“Debug\maze.unsuccessfulbuild”，因为已指定“AlwaysCreate”。
       ClCompile:
         C:\Program Files (x86)\Microsoft Visual Studio 10.0\VC\bin\CL.exe /c /ZI /nologo /W3 /WX- /Od /Oy- /D WIN32 /D _DEBUG /D _CONSOLE /D _UNICODE /D UNICODE /Gm /EHsc /RTC1 /MDd /GS /fp:precise /Zc:wchar_t /Zc:forScope /Fo"Debug\\" /Fd"Debug\vc100.pdb" /Gd /TC /analyze- /errorReport:prompt maze.c
         maze.c
     1>e:\projects\maze\maze\maze.c(9): warning C4244: “函数”: 从“time_t”转换到“unsigned int”，可能丢失数据
     1>e:\projects\maze\maze\maze.c(177): warning C4244: “函数”: 从“time_t”转换到“unsigned int”，可能丢失数据
     1>e:\projects\maze\maze\maze.c(198): warning C4244: “函数”: 从“time_t”转换到“unsigned int”，可能丢失数据
     1>e:\projects\maze\maze\maze.c(224): warning C4553: “==”: 运算符不起任何作用；是否是有意使用“=”的?
     1>e:\projects\maze\maze\maze.c(251): warning C4566: 由通用字符名称“\u263A”表示的字符不能在当前代码页(936)中表示出来
     1>e:\projects\maze\maze\maze.c(254): warning C4566: 由通用字符名称“\u2664”表示的字符不能在当前代码页(936)中表示出来
     1>e:\projects\maze\maze\maze.c(260): warning C4566: 由通用字符名称“\u27B4”表示的字符不能在当前代码页(936)中表示出来
     1>e:\projects\maze\maze\maze.c(263): warning C4566: 由通用字符名称“\u262F”表示的字符不能在当前代码页(936)中表示出来
       Link:
         C:\Program Files (x86)\Microsoft Visual Studio 10.0\VC\bin\link.exe /ERRORREPORT:PROMPT /OUT:"E:\Projects\maze\Debug\maze.exe" /INCREMENTAL /NOLOGO kernel32.lib user32.lib gdi32.lib winspool.lib comdlg32.lib advapi32.lib shell32.lib ole32.lib oleaut32.lib uuid.lib odbc32.lib odbccp32.lib /MANIFEST /ManifestFile:"Debug\maze.exe.intermediate.manifest" /MANIFESTUAC:"level='asInvoker' uiAccess='false'" /DEBUG /PDB:"E:\Projects\maze\Debug\maze.pdb" /SUBSYSTEM:CONSOLE /TLBID:1 /DYNAMICBASE /NXCOMPAT /IMPLIB:"E:\Projects\maze\Debug\maze.lib" /MACHINE:X86 Debug\main.obj
         Debug\maze.obj
         maze.vcxproj -> E:\Projects\maze\Debug\maze.exe
       Manifest:
         C:\Program Files (x86)\Microsoft SDKs\Windows\v7.0A\bin\mt.exe /nologo /verbose /out:"E:\Projects\maze\Debug\maze.exe.manifest" /manifest Debug\maze.exe.intermediate.manifest
       FinalizeBuildStatus:
         正在删除文件“Debug\maze.unsuccessfulbuild”。
         正在对“Debug\maze.lastbuildstate”执行 Touch 任务。
     1>已完成生成项目“E:\Projects\maze\maze\maze.vcxproj”(build 个目标)的操作。

生成成功。

已用时间 00:00:00.66
